<?xml version="1.0" encoding="UTF-8" ?>
<testsuite tests="1" failures="0" name="TestModificarUsuario" time="0.378" errors="0" skipped="0">
  <properties>
    <property name="jansi.mode" value="force"/>
    <property name="java.runtime.name" value="Java(TM) SE Runtime Environment"/>
    <property name="java.vm.version" value="19.0.2+7-44"/>
    <property name="sun.boot.library.path" value="/Library/Java/JavaVirtualMachines/jdk-19.jdk/Contents/Home/lib"/>
    <property name="maven.multiModuleProjectDirectory" value="/Users/anagebrael/eclipse-workspace/Eat_Happy"/>
    <property name="java.vm.vendor" value="Oracle Corporation"/>
    <property name="java.vendor.url" value="https://java.oracle.com/"/>
    <property name="guice.disable.misplaced.annotation.check" value="true"/>
    <property name="path.separator" value=":"/>
    <property name="java.vm.name" value="Java HotSpot(TM) 64-Bit Server VM"/>
    <property name="user.country" value="ES"/>
    <property name="sun.java.launcher" value="SUN_STANDARD"/>
    <property name="java.vm.specification.name" value="Java Virtual Machine Specification"/>
    <property name="user.dir" value="/Users/anagebrael/eclipse-workspace/Eat_Happy"/>
    <property name="java.vm.compressedOopsMode" value="Zero based"/>
    <property name="java.runtime.version" value="19.0.2+7-44"/>
    <property name="os.arch" value="x86_64"/>
    <property name="java.io.tmpdir" value="/var/folders/79/dxpk39jj26nd07rqxkw9t51r0000gn/T/"/>
    <property name="line.separator" value="
"/>
    <property name="java.vm.specification.vendor" value="Oracle Corporation"/>
    <property name="stderr.encoding" value="UTF-8"/>
    <property name="os.name" value="Mac OS X"/>
    <property name="classworlds.conf" value="/Users/anagebrael/eclipse-workspace/.metadata/.plugins/org.eclipse.m2e.launching/launches/m2conf4767418188555685345.tmp"/>
    <property name="sun.jnu.encoding" value="UTF-8"/>
    <property name="stdout.encoding" value="UTF-8"/>
    <property name="java.library.path" value="/Users/anagebrael/Library/Java/Extensions:/Library/Java/Extensions:/Network/Library/Java/Extensions:/System/Library/Java/Extensions:/usr/lib/java:."/>
    <property name="jdk.debug" value="release"/>
    <property name="java.class.version" value="63.0"/>
    <property name="java.specification.name" value="Java Platform API Specification"/>
    <property name="sun.management.compiler" value="HotSpot 64-Bit Tiered Compilers"/>
    <property name="os.version" value="13.0.1"/>
    <property name="http.nonProxyHosts" value="local|*.local|169.254/16|*.169.254/16"/>
    <property name="user.home" value="/Users/anagebrael"/>
    <property name="user.timezone" value="Europe/Madrid"/>
    <property name="file.encoding" value="UTF-8"/>
    <property name="java.specification.version" value="19"/>
    <property name="user.name" value="anagebrael"/>
    <property name="java.class.path" value="/Users/anagebrael/.p2/pool/plugins/org.eclipse.m2e.maven.runtime_3.8.604.20221130-2149/jars/plexus-classworlds-2.6.0.jar"/>
    <property name="java.vm.specification.version" value="19"/>
    <property name="sun.arch.data.model" value="64"/>
    <property name="sun.java.command" value="org.codehaus.plexus.classworlds.launcher.Launcher -B -Dstyle.color=always install"/>
    <property name="java.home" value="/Library/Java/JavaVirtualMachines/jdk-19.jdk/Contents/Home"/>
    <property name="apple.awt.application.name" value="Launcher"/>
    <property name="user.language" value="es"/>
    <property name="java.specification.vendor" value="Oracle Corporation"/>
    <property name="java.vm.info" value="mixed mode, sharing"/>
    <property name="java.version" value="19.0.2"/>
    <property name="native.encoding" value="UTF-8"/>
    <property name="java.vendor" value="Oracle Corporation"/>
    <property name="maven.home" value="/Users/anagebrael/eclipse-workspace/Eat_Happy/EMBEDDED"/>
    <property name="style.color" value="always"/>
    <property name="file.separator" value="/"/>
    <property name="java.version.date" value="2023-01-17"/>
    <property name="java.vendor.url.bug" value="https://bugreport.java.com/bugreport/"/>
    <property name="sun.io.unicode.encoding" value="UnicodeBig"/>
    <property name="sun.cpu.endian" value="little"/>
    <property name="m2e.build.project.data.socket.port" value="54386"/>
    <property name="socksNonProxyHosts" value="local|*.local|169.254/16|*.169.254/16"/>
    <property name="ftp.nonProxyHosts" value="local|*.local|169.254/16|*.169.254/16"/>
  </properties>
  <testcase classname="TestModificarUsuario" name="testDoPost" time="0.378"/>
</testsuite>